Namespace(arch='our', backbone='resnet101', batch_size=128, data='cub', dist_backend='gloo', dist_url='tcp://224.66.41.62:23456', epoch_decay=30, epochs=90, gpu=None, is_fix=True, lr=0.001, momentum=0.9, pretrained=True, print_freq=10, resume='', save_path='./cub/checkpoints/our', seed=None, start_epoch=0, weight_decay=0.0001, workers=3, world_size=1)
==> random seed: 5244
=> using pre-trained model 'our'
=> is the backbone fixed: 'True'
Epoch: [0][0/47]	Inf Time 29.434	Update Time 2.954	Batch Time 36.262	
L_cls 4.2457 L_sem 0.5684 L_trans 0.5654
Epoch: [0][10/47]	Inf Time 4.710	Update Time 4.104	Batch Time 8.814	
L_cls 3.5622 L_sem 0.0827 L_trans 0.0564
Epoch: [0][20/47]	Inf Time 4.717	Update Time 4.115	Batch Time 8.832	
L_cls 3.1864 L_sem 0.0959 L_trans 0.0296
Epoch: [0][30/47]	Inf Time 4.717	Update Time 4.126	Batch Time 8.844	
L_cls 3.0329 L_sem 0.1233 L_trans 0.0279
Epoch: [0][40/47]	Inf Time 4.732	Update Time 4.117	Batch Time 8.850	
L_cls 2.9068 L_sem 0.0917 L_trans 0.0282
 * ACC1@ 0.535 ACC2@ 3.797
saving!!!!
Epoch: [1][0/47]	Inf Time 4.175	Update Time 4.104	Batch Time 10.552	
L_cls 2.4291 L_sem 0.1000 L_trans 0.0263
Epoch: [1][10/47]	Inf Time 4.718	Update Time 4.133	Batch Time 8.852	
L_cls 2.7853 L_sem 0.0940 L_trans 0.0243
Epoch: [1][20/47]	Inf Time 4.735	Update Time 4.124	Batch Time 8.859	
L_cls 2.2599 L_sem 0.0791 L_trans 0.0247
Epoch: [1][30/47]	Inf Time 4.726	Update Time 4.126	Batch Time 8.853	
L_cls 2.2090 L_sem 0.0864 L_trans 0.0289
Epoch: [1][40/47]	Inf Time 4.735	Update Time 4.126	Batch Time 8.862	
L_cls 1.8631 L_sem 0.0736 L_trans 0.0215
 * ACC1@ 1.001 ACC2@ 9.924
saving!!!!
Epoch: [2][0/47]	Inf Time 4.150	Update Time 4.092	Batch Time 10.687	
L_cls 2.0742 L_sem 0.0715 L_trans 0.0220
Epoch: [2][10/47]	Inf Time 4.734	Update Time 4.121	Batch Time 8.855	
L_cls 1.6198 L_sem 0.0653 L_trans 0.0225
Epoch: [2][20/47]	Inf Time 4.738	Update Time 4.112	Batch Time 8.850	
L_cls 1.9056 L_sem 0.0654 L_trans 0.0163
Epoch: [2][30/47]	Inf Time 4.738	Update Time 4.117	Batch Time 8.855	
L_cls 1.7421 L_sem 0.0576 L_trans 0.0195
Epoch: [2][40/47]	Inf Time 4.732	Update Time 4.107	Batch Time 8.839	
L_cls 1.6817 L_sem 0.0543 L_trans 0.0201
 * ACC1@ 0.967 ACC2@ 13.876
saving!!!!
Epoch: [3][0/47]	Inf Time 4.121	Update Time 4.108	Batch Time 10.804	
L_cls 1.8169 L_sem 0.0520 L_trans 0.0177
Epoch: [3][10/47]	Inf Time 4.722	Update Time 4.113	Batch Time 8.836	
L_cls 1.4417 L_sem 0.0495 L_trans 0.0161
Epoch: [3][20/47]	Inf Time 4.727	Update Time 4.117	Batch Time 8.845	
L_cls 1.4360 L_sem 0.0417 L_trans 0.0173
Epoch: [3][30/47]	Inf Time 4.725	Update Time 4.104	Batch Time 8.830	
L_cls 1.2425 L_sem 0.0425 L_trans 0.0132
Epoch: [3][40/47]	Inf Time 4.730	Update Time 4.115	Batch Time 8.846	
L_cls 1.2403 L_sem 0.0379 L_trans 0.0150
 * ACC1@ 1.070 ACC2@ 17.121
saving!!!!
Epoch: [4][0/47]	Inf Time 4.143	Update Time 4.112	Batch Time 11.041	
L_cls 1.3443 L_sem 0.0395 L_trans 0.0144
Epoch: [4][10/47]	Inf Time 4.719	Update Time 4.113	Batch Time 8.832	
L_cls 1.1162 L_sem 0.0376 L_trans 0.0129
Epoch: [4][20/47]	Inf Time 4.734	Update Time 4.119	Batch Time 8.853	
L_cls 1.3255 L_sem 0.0384 L_trans 0.0137
Epoch: [4][30/47]	Inf Time 4.720	Update Time 4.113	Batch Time 8.833	
L_cls 1.2752 L_sem 0.0362 L_trans 0.0127
Epoch: [4][40/47]	Inf Time 4.746	Update Time 4.103	Batch Time 8.850	
L_cls 1.3679 L_sem 0.0311 L_trans 0.0121
 * ACC1@ 1.398 ACC2@ 18.761
saving!!!!
Epoch: [5][0/47]	Inf Time 4.151	Update Time 4.108	Batch Time 11.205	
L_cls 1.3491 L_sem 0.0316 L_trans 0.0119
Epoch: [5][10/47]	Inf Time 4.735	Update Time 4.108	Batch Time 8.844	
L_cls 1.3372 L_sem 0.0313 L_trans 0.0121
Epoch: [5][20/47]	Inf Time 4.740	Update Time 4.119	Batch Time 8.861	
L_cls 1.1741 L_sem 0.0274 L_trans 0.0102
Epoch: [5][30/47]	Inf Time 4.727	Update Time 4.108	Batch Time 8.835	
L_cls 1.2337 L_sem 0.0270 L_trans 0.0112
Epoch: [5][40/47]	Inf Time 4.722	Update Time 4.133	Batch Time 8.856	
L_cls 1.1318 L_sem 0.0258 L_trans 0.0099
 * ACC1@ 0.742 ACC2@ 20.521
saving!!!!
Epoch: [6][0/47]	Inf Time 4.167	Update Time 4.103	Batch Time 10.610	
L_cls 1.2443 L_sem 0.0276 L_trans 0.0102
Epoch: [6][10/47]	Inf Time 4.732	Update Time 4.109	Batch Time 8.842	
L_cls 0.9431 L_sem 0.0265 L_trans 0.0104
Epoch: [6][20/47]	Inf Time 4.740	Update Time 4.106	Batch Time 8.847	
L_cls 1.2056 L_sem 0.0273 L_trans 0.0107
Epoch: [6][30/47]	Inf Time 4.735	Update Time 4.109	Batch Time 8.845	
L_cls 0.9459 L_sem 0.0222 L_trans 0.0090
Epoch: [6][40/47]	Inf Time 4.720	Update Time 4.107	Batch Time 8.828	
L_cls 1.0168 L_sem 0.0241 L_trans 0.0080
 * ACC1@ 1.208 ACC2@ 21.212
saving!!!!
Epoch: [7][0/47]	Inf Time 4.170	Update Time 4.098	Batch Time 11.213	
L_cls 1.1089 L_sem 0.0223 L_trans 0.0087
Epoch: [7][10/47]	Inf Time 4.728	Update Time 4.098	Batch Time 8.827	
L_cls 1.0176 L_sem 0.0226 L_trans 0.0106
Epoch: [7][20/47]	Inf Time 4.727	Update Time 4.106	Batch Time 8.834	
L_cls 0.8983 L_sem 0.0229 L_trans 0.0085
Epoch: [7][30/47]	Inf Time 4.732	Update Time 4.096	Batch Time 8.829	
L_cls 0.9548 L_sem 0.0226 L_trans 0.0093
Epoch: [7][40/47]	Inf Time 4.725	Update Time 4.105	Batch Time 8.831	
L_cls 0.8991 L_sem 0.0209 L_trans 0.0086
 * ACC1@ 0.967 ACC2@ 23.283
saving!!!!
Epoch: [8][0/47]	Inf Time 4.162	Update Time 4.094	Batch Time 11.253	
L_cls 0.9309 L_sem 0.0209 L_trans 0.0088
Epoch: [8][10/47]	Inf Time 4.742	Update Time 4.104	Batch Time 8.846	
L_cls 0.9489 L_sem 0.0213 L_trans 0.0091
Epoch: [8][20/47]	Inf Time 4.750	Update Time 4.111	Batch Time 8.862	
L_cls 0.9240 L_sem 0.0213 L_trans 0.0079
Epoch: [8][30/47]	Inf Time 4.724	Update Time 4.102	Batch Time 8.826	
L_cls 0.9000 L_sem 0.0209 L_trans 0.0093
Epoch: [8][40/47]	Inf Time 4.746	Update Time 4.102	Batch Time 8.848	
L_cls 0.7616 L_sem 0.0170 L_trans 0.0076
 * ACC1@ 0.708 ACC2@ 23.283
Epoch: [9][0/47]	Inf Time 4.164	Update Time 4.104	Batch Time 11.071	
L_cls 0.9081 L_sem 0.0188 L_trans 0.0089
Epoch: [9][10/47]	Inf Time 4.721	Update Time 4.105	Batch Time 8.827	
L_cls 0.7470 L_sem 0.0178 L_trans 0.0062
Epoch: [9][20/47]	Inf Time 4.739	Update Time 4.115	Batch Time 8.855	
L_cls 1.0326 L_sem 0.0189 L_trans 0.0075
Epoch: [9][30/47]	Inf Time 4.745	Update Time 4.120	Batch Time 8.865	
L_cls 0.8352 L_sem 0.0196 L_trans 0.0069
Epoch: [9][40/47]	Inf Time 4.732	Update Time 4.107	Batch Time 8.840	
L_cls 0.8768 L_sem 0.0195 L_trans 0.0085
 * ACC1@ 1.105 ACC2@ 25.095
saving!!!!
Epoch: [10][0/47]	Inf Time 4.144	Update Time 4.097	Batch Time 11.051	
L_cls 0.7695 L_sem 0.0179 L_trans 0.0070
Epoch: [10][10/47]	Inf Time 4.744	Update Time 4.108	Batch Time 8.853	
L_cls 0.7800 L_sem 0.0184 L_trans 0.0077
Epoch: [10][20/47]	Inf Time 4.721	Update Time 4.111	Batch Time 8.832	
L_cls 0.9251 L_sem 0.0185 L_trans 0.0068
Epoch: [10][30/47]	Inf Time 4.725	Update Time 4.103	Batch Time 8.829	
L_cls 0.9484 L_sem 0.0188 L_trans 0.0078
Epoch: [10][40/47]	Inf Time 4.732	Update Time 4.116	Batch Time 8.849	
L_cls 0.6913 L_sem 0.0164 L_trans 0.0073
 * ACC1@ 1.087 ACC2@ 23.507
Epoch: [11][0/47]	Inf Time 4.050	Update Time 4.116	Batch Time 10.502	
L_cls 1.0185 L_sem 0.0220 L_trans 0.0098
Epoch: [11][10/47]	Inf Time 4.729	Update Time 4.118	Batch Time 8.848	
L_cls 0.9320 L_sem 0.0167 L_trans 0.0067
Epoch: [11][20/47]	Inf Time 4.725	Update Time 4.095	Batch Time 8.820	
L_cls 0.8269 L_sem 0.0142 L_trans 0.0056
Epoch: [11][30/47]	Inf Time 4.743	Update Time 4.097	Batch Time 8.841	
L_cls 0.7129 L_sem 0.0154 L_trans 0.0070
Epoch: [11][40/47]	Inf Time 4.733	Update Time 4.094	Batch Time 8.827	
L_cls 0.5700 L_sem 0.0172 L_trans 0.0065
 * ACC1@ 1.519 ACC2@ 25.544
saving!!!!
Epoch: [12][0/47]	Inf Time 4.163	Update Time 4.096	Batch Time 10.972	
L_cls 0.7046 L_sem 0.0171 L_trans 0.0068
Epoch: [12][10/47]	Inf Time 4.728	Update Time 4.107	Batch Time 8.836	
L_cls 0.9412 L_sem 0.0183 L_trans 0.0093
Epoch: [12][20/47]	Inf Time 4.723	Update Time 4.091	Batch Time 8.815	
L_cls 0.8367 L_sem 0.0169 L_trans 0.0070
Epoch: [12][30/47]	Inf Time 4.719	Update Time 4.102	Batch Time 8.822	
L_cls 0.7799 L_sem 0.0166 L_trans 0.0068
Epoch: [12][40/47]	Inf Time 4.732	Update Time 4.093	Batch Time 8.826	
L_cls 0.6393 L_sem 0.0143 L_trans 0.0059
 * ACC1@ 0.811 ACC2@ 26.182
saving!!!!
Epoch: [13][0/47]	Inf Time 4.148	Update Time 4.084	Batch Time 10.608	
L_cls 0.8662 L_sem 0.0162 L_trans 0.0061
Epoch: [13][10/47]	Inf Time 4.726	Update Time 4.098	Batch Time 8.825	
L_cls 0.8053 L_sem 0.0161 L_trans 0.0058
Epoch: [13][20/47]	Inf Time 4.729	Update Time 4.108	Batch Time 8.838	
L_cls 0.9009 L_sem 0.0181 L_trans 0.0093
Epoch: [13][30/47]	Inf Time 4.707	Update Time 4.108	Batch Time 8.815	
L_cls 0.7222 L_sem 0.0156 L_trans 0.0069
Epoch: [13][40/47]	Inf Time 4.739	Update Time 4.083	Batch Time 8.823	
L_cls 0.8156 L_sem 0.0155 L_trans 0.0066
 * ACC1@ 0.673 ACC2@ 26.579
saving!!!!
Epoch: [14][0/47]	Inf Time 4.159	Update Time 4.105	Batch Time 11.437	
L_cls 0.5859 L_sem 0.0142 L_trans 0.0069
Epoch: [14][10/47]	Inf Time 4.726	Update Time 4.083	Batch Time 8.809	
L_cls 0.8319 L_sem 0.0150 L_trans 0.0061
Epoch: [14][20/47]	Inf Time 4.722	Update Time 4.107	Batch Time 8.829	
L_cls 0.6014 L_sem 0.0142 L_trans 0.0054
Epoch: [14][30/47]	Inf Time 4.728	Update Time 4.095	Batch Time 8.824	
L_cls 0.8514 L_sem 0.0155 L_trans 0.0073
Epoch: [14][40/47]	Inf Time 4.726	Update Time 4.102	Batch Time 8.829	
L_cls 0.6217 L_sem 0.0134 L_trans 0.0046
 * ACC1@ 0.604 ACC2@ 26.217
Epoch: [15][0/47]	Inf Time 4.131	Update Time 4.086	Batch Time 11.043	
L_cls 0.6956 L_sem 0.0148 L_trans 0.0057
Epoch: [15][10/47]	Inf Time 4.725	Update Time 4.104	Batch Time 8.830	
L_cls 0.5505 L_sem 0.0127 L_trans 0.0050
Epoch: [15][20/47]	Inf Time 4.726	Update Time 4.101	Batch Time 8.828	
L_cls 0.6565 L_sem 0.0135 L_trans 0.0055
Epoch: [15][30/47]	Inf Time 4.734	Update Time 4.091	Batch Time 8.825	
L_cls 0.7080 L_sem 0.0132 L_trans 0.0063
Epoch: [15][40/47]	Inf Time 4.735	Update Time 4.091	Batch Time 8.826	
L_cls 0.6943 L_sem 0.0138 L_trans 0.0062
 * ACC1@ 0.587 ACC2@ 25.457
Epoch: [16][0/47]	Inf Time 4.157	Update Time 4.104	Batch Time 11.148	
L_cls 0.6599 L_sem 0.0129 L_trans 0.0060
Epoch: [16][10/47]	Inf Time 4.728	Update Time 4.099	Batch Time 8.828	
L_cls 0.7993 L_sem 0.0139 L_trans 0.0051
Epoch: [16][20/47]	Inf Time 4.732	Update Time 4.083	Batch Time 8.816	
L_cls 0.6637 L_sem 0.0119 L_trans 0.0044
Epoch: [16][30/47]	Inf Time 4.707	Update Time 4.106	Batch Time 8.814	
L_cls 0.5441 L_sem 0.0124 L_trans 0.0057
Epoch: [16][40/47]	Inf Time 4.728	Update Time 4.111	Batch Time 8.840	
L_cls 0.6736 L_sem 0.0137 L_trans 0.0056
 * ACC1@ 1.105 ACC2@ 26.562
Epoch: [17][0/47]	Inf Time 4.175	Update Time 4.104	Batch Time 11.259	
L_cls 0.5638 L_sem 0.0136 L_trans 0.0048
Epoch: [17][10/47]	Inf Time 4.714	Update Time 4.094	Batch Time 8.808	
L_cls 0.6731 L_sem 0.0138 L_trans 0.0066
Epoch: [17][20/47]	Inf Time 4.727	Update Time 4.096	Batch Time 8.823	
L_cls 0.6564 L_sem 0.0131 L_trans 0.0046
Epoch: [17][30/47]	Inf Time 4.725	Update Time 4.089	Batch Time 8.814	
L_cls 0.8432 L_sem 0.0133 L_trans 0.0057
Epoch: [17][40/47]	Inf Time 4.726	Update Time 4.105	Batch Time 8.832	
L_cls 0.8188 L_sem 0.0120 L_trans 0.0048
 * ACC1@ 1.001 ACC2@ 26.614
saving!!!!
Epoch: [18][0/47]	Inf Time 4.133	Update Time 4.097	Batch Time 11.063	
L_cls 0.4801 L_sem 0.0130 L_trans 0.0047
Epoch: [18][10/47]	Inf Time 4.735	Update Time 4.087	Batch Time 8.823	
L_cls 0.5549 L_sem 0.0131 L_trans 0.0042
Epoch: [18][20/47]	Inf Time 4.726	Update Time 4.096	Batch Time 8.822	
L_cls 0.6426 L_sem 0.0126 L_trans 0.0063
Epoch: [18][30/47]	Inf Time 4.731	Update Time 4.105	Batch Time 8.836	
L_cls 0.4739 L_sem 0.0120 L_trans 0.0051
Epoch: [18][40/47]	Inf Time 4.723	Update Time 4.094	Batch Time 8.817	
L_cls 0.7360 L_sem 0.0124 L_trans 0.0060
 * ACC1@ 0.725 ACC2@ 26.303
Epoch: [19][0/47]	Inf Time 4.136	Update Time 4.091	Batch Time 10.818	
L_cls 0.7266 L_sem 0.0137 L_trans 0.0051
Epoch: [19][10/47]	Inf Time 4.722	Update Time 4.101	Batch Time 8.823	
L_cls 0.5274 L_sem 0.0122 L_trans 0.0055
Epoch: [19][20/47]	Inf Time 4.728	Update Time 4.092	Batch Time 8.821	
L_cls 0.6999 L_sem 0.0115 L_trans 0.0053
Epoch: [19][30/47]	Inf Time 4.736	Update Time 4.098	Batch Time 8.835	
L_cls 0.7324 L_sem 0.0154 L_trans 0.0087
Epoch: [19][40/47]	Inf Time 4.727	Update Time 4.106	Batch Time 8.833	
L_cls 0.6698 L_sem 0.0122 L_trans 0.0049
 * ACC1@ 0.828 ACC2@ 26.804
saving!!!!
Epoch: [20][0/47]	Inf Time 4.152	Update Time 4.093	Batch Time 11.179	
L_cls 0.7061 L_sem 0.0123 L_trans 0.0055
Epoch: [20][10/47]	Inf Time 4.726	Update Time 4.095	Batch Time 8.822	
L_cls 0.6194 L_sem 0.0173 L_trans 0.0118
Epoch: [20][20/47]	Inf Time 4.731	Update Time 4.101	Batch Time 8.832	
L_cls 0.4929 L_sem 0.0169 L_trans 0.0030
Epoch: [20][30/47]	Inf Time 4.714	Update Time 4.102	Batch Time 8.817	
L_cls 0.5972 L_sem 0.0148 L_trans 0.0033
Epoch: [20][40/47]	Inf Time 4.723	Update Time 4.103	Batch Time 8.827	
L_cls 0.5215 L_sem 0.0137 L_trans 0.0040
 * ACC1@ 1.174 ACC2@ 27.390
saving!!!!
Epoch: [21][0/47]	Inf Time 4.137	Update Time 4.088	Batch Time 10.685	
L_cls 0.7265 L_sem 0.0124 L_trans 0.0036
Epoch: [21][10/47]	Inf Time 4.716	Update Time 4.081	Batch Time 8.798	
L_cls 0.4725 L_sem 0.0120 L_trans 0.0046
Epoch: [21][20/47]	Inf Time 4.729	Update Time 4.111	Batch Time 8.841	
L_cls 0.5602 L_sem 0.0111 L_trans 0.0040
Epoch: [21][30/47]	Inf Time 4.715	Update Time 4.108	Batch Time 8.823	
L_cls 0.5818 L_sem 0.0110 L_trans 0.0037
Epoch: [21][40/47]	Inf Time 4.716	Update Time 4.101	Batch Time 8.818	
L_cls 0.5816 L_sem 0.0113 L_trans 0.0042
 * ACC1@ 0.880 ACC2@ 27.356
Epoch: [22][0/47]	Inf Time 4.137	Update Time 4.091	Batch Time 10.880	
L_cls 0.6693 L_sem 0.0126 L_trans 0.0047
Epoch: [22][10/47]	Inf Time 4.720	Update Time 4.093	Batch Time 8.815	
L_cls 0.4306 L_sem 0.0112 L_trans 0.0044
Epoch: [22][20/47]	Inf Time 4.716	Update Time 4.095	Batch Time 8.812	
L_cls 0.6962 L_sem 0.0112 L_trans 0.0042
Epoch: [22][30/47]	Inf Time 4.708	Update Time 4.092	Batch Time 8.801	
L_cls 0.5993 L_sem 0.0166 L_trans 0.0085
Epoch: [22][40/47]	Inf Time 4.729	Update Time 4.088	Batch Time 8.817	
L_cls 0.5487 L_sem 0.0116 L_trans 0.0052
 * ACC1@ 0.759 ACC2@ 26.389
Epoch: [23][0/47]	Inf Time 4.044	Update Time 4.104	Batch Time 10.570	
L_cls 0.6350 L_sem 0.0224 L_trans 0.0169
Epoch: [23][10/47]	Inf Time 4.728	Update Time 4.097	Batch Time 8.826	
L_cls 0.5688 L_sem 0.0121 L_trans 0.0027
Epoch: [23][20/47]	Inf Time 4.735	Update Time 4.089	Batch Time 8.824	
L_cls 0.4736 L_sem 0.0107 L_trans 0.0043
Epoch: [23][30/47]	Inf Time 4.718	Update Time 4.090	Batch Time 8.808	
L_cls 0.5588 L_sem 0.0117 L_trans 0.0042
Epoch: [23][40/47]	Inf Time 4.734	Update Time 4.095	Batch Time 8.830	
L_cls 0.6259 L_sem 0.0101 L_trans 0.0039
 * ACC1@ 1.156 ACC2@ 27.028
Epoch: [24][0/47]	Inf Time 4.173	Update Time 4.094	Batch Time 11.072	
L_cls 0.7114 L_sem 0.0106 L_trans 0.0040
Epoch: [24][10/47]	Inf Time 4.706	Update Time 4.105	Batch Time 8.812	
L_cls 0.4296 L_sem 0.0102 L_trans 0.0040
Epoch: [24][20/47]	Inf Time 4.740	Update Time 4.086	Batch Time 8.826	
L_cls 0.7614 L_sem 0.0105 L_trans 0.0036
Epoch: [24][30/47]	Inf Time 4.728	Update Time 4.104	Batch Time 8.833	
L_cls 0.4928 L_sem 0.0104 L_trans 0.0035
Epoch: [24][40/47]	Inf Time 4.720	Update Time 4.107	Batch Time 8.829	
L_cls 0.6817 L_sem 0.0100 L_trans 0.0041
 * ACC1@ 0.690 ACC2@ 28.788
saving!!!!
Epoch: [25][0/47]	Inf Time 4.137	Update Time 4.096	Batch Time 11.003	
L_cls 0.4678 L_sem 0.0099 L_trans 0.0038
Epoch: [25][10/47]	Inf Time 4.732	Update Time 4.084	Batch Time 8.816	
L_cls 0.5296 L_sem 0.0107 L_trans 0.0041
Epoch: [25][20/47]	Inf Time 4.714	Update Time 4.113	Batch Time 8.827	
L_cls 0.4885 L_sem 0.0107 L_trans 0.0040
Epoch: [25][30/47]	Inf Time 4.721	Update Time 4.085	Batch Time 8.807	
L_cls 0.4744 L_sem 0.0092 L_trans 0.0041
Epoch: [25][40/47]	Inf Time 4.726	Update Time 4.096	Batch Time 8.823	
L_cls 0.5107 L_sem 0.0102 L_trans 0.0042
 * ACC1@ 1.139 ACC2@ 27.528
Epoch: [26][0/47]	Inf Time 4.034	Update Time 4.101	Batch Time 10.368	
L_cls 0.4806 L_sem 0.0105 L_trans 0.0040
Epoch: [26][10/47]	Inf Time 4.722	Update Time 4.095	Batch Time 8.817	
L_cls 0.4614 L_sem 0.0098 L_trans 0.0051
Epoch: [26][20/47]	Inf Time 4.719	Update Time 4.097	Batch Time 8.817	
L_cls 0.5388 L_sem 0.0101 L_trans 0.0043
Epoch: [26][30/47]	Inf Time 4.729	Update Time 4.090	Batch Time 8.820	
L_cls 0.5177 L_sem 0.0100 L_trans 0.0037
Epoch: [26][40/47]	Inf Time 4.720	Update Time 4.104	Batch Time 8.825	
L_cls 0.4381 L_sem 0.0110 L_trans 0.0042
 * ACC1@ 0.449 ACC2@ 27.080
Epoch: [27][0/47]	Inf Time 4.153	Update Time 4.100	Batch Time 10.974	
L_cls 0.4314 L_sem 0.0100 L_trans 0.0048
Epoch: [27][10/47]	Inf Time 4.725	Update Time 4.102	Batch Time 8.828	
L_cls 0.5495 L_sem 0.0100 L_trans 0.0037
Epoch: [27][20/47]	Inf Time 4.730	Update Time 4.101	Batch Time 8.832	
L_cls 0.4554 L_sem 0.0100 L_trans 0.0042
Epoch: [27][30/47]	Inf Time 4.739	Update Time 4.102	Batch Time 8.841	
L_cls 0.5810 L_sem 0.0109 L_trans 0.0043
Epoch: [27][40/47]	Inf Time 4.720	Update Time 4.090	Batch Time 8.810	
L_cls 0.4377 L_sem 0.0102 L_trans 0.0041
 * ACC1@ 1.139 ACC2@ 27.114
Epoch: [28][0/47]	Inf Time 4.059	Update Time 4.089	Batch Time 10.558	
L_cls 0.4911 L_sem 0.0106 L_trans 0.0043
Epoch: [28][10/47]	Inf Time 4.728	Update Time 4.082	Batch Time 8.810	
L_cls 0.4339 L_sem 0.0094 L_trans 0.0039
Epoch: [28][20/47]	Inf Time 4.733	Update Time 4.106	Batch Time 8.840	
L_cls 0.6928 L_sem 0.0107 L_trans 0.0040
Epoch: [28][30/47]	Inf Time 4.720	Update Time 4.098	Batch Time 8.818	
L_cls 0.6284 L_sem 0.0110 L_trans 0.0044
Epoch: [28][40/47]	Inf Time 4.729	Update Time 4.080	Batch Time 8.810	
L_cls 0.5441 L_sem 0.0098 L_trans 0.0039
 * ACC1@ 0.518 ACC2@ 27.667
Epoch: [29][0/47]	Inf Time 4.176	Update Time 4.075	Batch Time 11.186	
L_cls 0.4520 L_sem 0.0121 L_trans 0.0072
Epoch: [29][10/47]	Inf Time 4.733	Update Time 4.117	Batch Time 8.851	
L_cls 0.5883 L_sem 0.0097 L_trans 0.0036
Epoch: [29][20/47]	Inf Time 4.717	Update Time 4.096	Batch Time 8.814	
L_cls 0.3833 L_sem 0.0101 L_trans 0.0034
Epoch: [29][30/47]	Inf Time 4.732	Update Time 4.085	Batch Time 8.818	
L_cls 0.6035 L_sem 0.0104 L_trans 0.0062
Epoch: [29][40/47]	Inf Time 4.730	Update Time 4.098	Batch Time 8.830	
L_cls 0.5109 L_sem 0.0099 L_trans 0.0042
 * ACC1@ 0.449 ACC2@ 27.080
Epoch: [30][0/47]	Inf Time 4.037	Update Time 4.077	Batch Time 10.439	
L_cls 0.4800 L_sem 0.0100 L_trans 0.0046
Epoch: [30][10/47]	Inf Time 4.712	Update Time 4.091	Batch Time 8.803	
L_cls 0.3300 L_sem 0.0084 L_trans 0.0027
Epoch: [30][20/47]	Inf Time 4.720	Update Time 4.103	Batch Time 8.823	
L_cls 0.3580 L_sem 0.0080 L_trans 0.0026
Epoch: [30][30/47]	Inf Time 4.727	Update Time 4.093	Batch Time 8.820	
L_cls 0.4674 L_sem 0.0090 L_trans 0.0023
Epoch: [30][40/47]	Inf Time 4.711	Update Time 4.086	Batch Time 8.798	
L_cls 0.4592 L_sem 0.0093 L_trans 0.0026
 * ACC1@ 0.535 ACC2@ 29.289
saving!!!!
Epoch: [31][0/47]	Inf Time 4.176	Update Time 4.090	Batch Time 10.843	
L_cls 0.3482 L_sem 0.0088 L_trans 0.0024
Epoch: [31][10/47]	Inf Time 4.723	Update Time 4.095	Batch Time 8.818	
L_cls 0.3007 L_sem 0.0083 L_trans 0.0023
Epoch: [31][20/47]	Inf Time 4.735	Update Time 4.088	Batch Time 8.824	
L_cls 0.3475 L_sem 0.0088 L_trans 0.0025
Epoch: [31][30/47]	Inf Time 4.737	Update Time 4.102	Batch Time 8.840	
L_cls 0.3180 L_sem 0.0085 L_trans 0.0023
Epoch: [31][40/47]	Inf Time 4.722	Update Time 4.087	Batch Time 8.810	
L_cls 0.3716 L_sem 0.0090 L_trans 0.0027
 * ACC1@ 0.828 ACC2@ 29.548
saving!!!!
Epoch: [32][0/47]	Inf Time 4.139	Update Time 4.094	Batch Time 10.661	
L_cls 0.3691 L_sem 0.0087 L_trans 0.0024
Epoch: [32][10/47]	Inf Time 4.733	Update Time 4.080	Batch Time 8.814	
L_cls 0.4927 L_sem 0.0093 L_trans 0.0023
Epoch: [32][20/47]	Inf Time 4.730	Update Time 4.114	Batch Time 8.845	
L_cls 0.5589 L_sem 0.0104 L_trans 0.0025
Epoch: [32][30/47]	Inf Time 4.725	Update Time 4.098	Batch Time 8.824	
L_cls 0.3211 L_sem 0.0093 L_trans 0.0026
Epoch: [32][40/47]	Inf Time 4.725	Update Time 4.102	Batch Time 8.828	
L_cls 0.2899 L_sem 0.0083 L_trans 0.0024
 * ACC1@ 0.811 ACC2@ 29.479
Epoch: [33][0/47]	Inf Time 4.148	Update Time 4.086	Batch Time 11.029	
L_cls 0.4575 L_sem 0.0090 L_trans 0.0023
Epoch: [33][10/47]	Inf Time 4.732	Update Time 4.081	Batch Time 8.813	
L_cls 0.5096 L_sem 0.0106 L_trans 0.0027
Epoch: [33][20/47]	Inf Time 4.727	Update Time 4.103	Batch Time 8.831	
L_cls 0.3288 L_sem 0.0098 L_trans 0.0026
Epoch: [33][30/47]	Inf Time 4.720	Update Time 4.098	Batch Time 8.818	
L_cls 0.3265 L_sem 0.0086 L_trans 0.0028
Epoch: [33][40/47]	Inf Time 4.736	Update Time 4.096	Batch Time 8.833	
L_cls 0.4282 L_sem 0.0090 L_trans 0.0027
 * ACC1@ 0.846 ACC2@ 29.548
Epoch: [34][0/47]	Inf Time 4.168	Update Time 4.090	Batch Time 11.090	
L_cls 0.3590 L_sem 0.0095 L_trans 0.0022
Epoch: [34][10/47]	Inf Time 4.715	Update Time 4.100	Batch Time 8.816	
L_cls 0.4305 L_sem 0.0096 L_trans 0.0022
Epoch: [34][20/47]	Inf Time 4.740	Update Time 4.109	Batch Time 8.849	
L_cls 0.4995 L_sem 0.0092 L_trans 0.0026
Epoch: [34][30/47]	Inf Time 4.737	Update Time 4.100	Batch Time 8.838	
L_cls 0.4541 L_sem 0.0093 L_trans 0.0026
Epoch: [34][40/47]	Inf Time 4.733	Update Time 4.112	Batch Time 8.846	
L_cls 0.3580 L_sem 0.0083 L_trans 0.0025
 * ACC1@ 0.949 ACC2@ 29.220
Epoch: [35][0/47]	Inf Time 4.178	Update Time 4.096	Batch Time 11.208	
L_cls 0.3578 L_sem 0.0093 L_trans 0.0025
Epoch: [35][10/47]	Inf Time 4.729	Update Time 4.102	Batch Time 8.832	
L_cls 0.3049 L_sem 0.0085 L_trans 0.0023
Epoch: [35][20/47]	Inf Time 4.728	Update Time 4.086	Batch Time 8.815	
L_cls 0.3422 L_sem 0.0092 L_trans 0.0025
Epoch: [35][30/47]	Inf Time 4.722	Update Time 4.108	Batch Time 8.830	
L_cls 0.3382 L_sem 0.0090 L_trans 0.0026
Epoch: [35][40/47]	Inf Time 4.735	Update Time 4.106	Batch Time 8.842	
L_cls 0.4414 L_sem 0.0092 L_trans 0.0024
 * ACC1@ 1.036 ACC2@ 29.513
Epoch: [36][0/47]	Inf Time 4.162	Update Time 4.098	Batch Time 10.920	
L_cls 0.3698 L_sem 0.0087 L_trans 0.0025
Epoch: [36][10/47]	Inf Time 4.740	Update Time 4.094	Batch Time 8.834	
L_cls 0.3334 L_sem 0.0087 L_trans 0.0027
Epoch: [36][20/47]	Inf Time 4.736	Update Time 4.096	Batch Time 8.833	
L_cls 0.3951 L_sem 0.0089 L_trans 0.0025
Epoch: [36][30/47]	Inf Time 4.732	Update Time 4.089	Batch Time 8.822	
L_cls 0.3870 L_sem 0.0085 L_trans 0.0025
Epoch: [36][40/47]	Inf Time 4.726	Update Time 4.086	Batch Time 8.813	
L_cls 0.1940 L_sem 0.0092 L_trans 0.0026
 * ACC1@ 1.036 ACC2@ 29.772
saving!!!!
Epoch: [37][0/47]	Inf Time 4.147	Update Time 4.081	Batch Time 10.604	
L_cls 0.3510 L_sem 0.0091 L_trans 0.0025
Epoch: [37][10/47]	Inf Time 4.723	Update Time 4.096	Batch Time 8.821	
L_cls 0.5173 L_sem 0.0091 L_trans 0.0026
Epoch: [37][20/47]	Inf Time 4.731	Update Time 4.085	Batch Time 8.817	
L_cls 0.3936 L_sem 0.0089 L_trans 0.0024
Epoch: [37][30/47]	Inf Time 4.740	Update Time 4.088	Batch Time 8.829	
L_cls 0.3769 L_sem 0.0091 L_trans 0.0023
Epoch: [37][40/47]	Inf Time 4.740	Update Time 4.100	Batch Time 8.841	
L_cls 0.4838 L_sem 0.0092 L_trans 0.0025
 * ACC1@ 1.087 ACC2@ 29.289
Epoch: [38][0/47]	Inf Time 4.137	Update Time 4.104	Batch Time 10.833	
L_cls 0.5567 L_sem 0.0096 L_trans 0.0025
Epoch: [38][10/47]	Inf Time 4.726	Update Time 4.090	Batch Time 8.817	
L_cls 0.3486 L_sem 0.0089 L_trans 0.0024
Epoch: [38][20/47]	Inf Time 4.735	Update Time 4.103	Batch Time 8.839	
L_cls 0.4420 L_sem 0.0093 L_trans 0.0025
Epoch: [38][30/47]	Inf Time 4.731	Update Time 4.099	Batch Time 8.830	
L_cls 0.3422 L_sem 0.0090 L_trans 0.0027
Epoch: [38][40/47]	Inf Time 4.735	Update Time 4.101	Batch Time 8.838	
L_cls 0.3481 L_sem 0.0086 L_trans 0.0023
 * ACC1@ 1.191 ACC2@ 29.375
Epoch: [39][0/47]	Inf Time 4.161	Update Time 4.102	Batch Time 11.283	
L_cls 0.3707 L_sem 0.0090 L_trans 0.0025
Epoch: [39][10/47]	Inf Time 4.719	Update Time 4.104	Batch Time 8.823	
L_cls 0.4134 L_sem 0.0089 L_trans 0.0023
Epoch: [39][20/47]	Inf Time 4.741	Update Time 4.090	Batch Time 8.831	
L_cls 0.3536 L_sem 0.0086 L_trans 0.0024
Epoch: [39][30/47]	Inf Time 4.746	Update Time 4.091	Batch Time 8.837	
L_cls 0.4374 L_sem 0.0091 L_trans 0.0025
Epoch: [39][40/47]	Inf Time 4.728	Update Time 4.101	Batch Time 8.830	
L_cls 0.3539 L_sem 0.0085 L_trans 0.0026
 * ACC1@ 1.122 ACC2@ 29.513
Epoch: [40][0/47]	Inf Time 4.150	Update Time 4.095	Batch Time 10.863	
L_cls 0.2288 L_sem 0.0076 L_trans 0.0025
Epoch: [40][10/47]	Inf Time 4.722	Update Time 4.103	Batch Time 8.825	
L_cls 0.3039 L_sem 0.0088 L_trans 0.0024
Epoch: [40][20/47]	Inf Time 4.732	Update Time 4.098	Batch Time 8.831	
L_cls 0.4463 L_sem 0.0081 L_trans 0.0023
Epoch: [40][30/47]	Inf Time 4.730	Update Time 4.105	Batch Time 8.836	
L_cls 0.4452 L_sem 0.0087 L_trans 0.0025
Epoch: [40][40/47]	Inf Time 4.744	Update Time 4.082	Batch Time 8.827	
L_cls 0.4173 L_sem 0.0084 L_trans 0.0022
 * ACC1@ 1.087 ACC2@ 29.496
Epoch: [41][0/47]	Inf Time 4.115	Update Time 4.089	Batch Time 10.954	
L_cls 0.5328 L_sem 0.0087 L_trans 0.0022
Epoch: [41][10/47]	Inf Time 4.735	Update Time 4.098	Batch Time 8.834	
L_cls 0.3786 L_sem 0.0084 L_trans 0.0023
Epoch: [41][20/47]	Inf Time 4.728	Update Time 4.102	Batch Time 8.831	
L_cls 0.3984 L_sem 0.0079 L_trans 0.0023
Epoch: [41][30/47]	Inf Time 4.733	Update Time 4.095	Batch Time 8.828	
L_cls 0.2423 L_sem 0.0085 L_trans 0.0024
Epoch: [41][40/47]	Inf Time 4.727	Update Time 4.106	Batch Time 8.834	
L_cls 0.3045 L_sem 0.0083 L_trans 0.0023
 * ACC1@ 0.915 ACC2@ 29.289
Epoch: [42][0/47]	Inf Time 4.141	Update Time 4.092	Batch Time 10.843	
L_cls 0.2396 L_sem 0.0079 L_trans 0.0023
Epoch: [42][10/47]	Inf Time 4.724	Update Time 4.096	Batch Time 8.820	
L_cls 0.4033 L_sem 0.0078 L_trans 0.0027
Epoch: [42][20/47]	Inf Time 4.743	Update Time 4.086	Batch Time 8.829	
L_cls 0.3989 L_sem 0.0088 L_trans 0.0024
Epoch: [42][30/47]	Inf Time 4.712	Update Time 4.111	Batch Time 8.824	
L_cls 0.2633 L_sem 0.0080 L_trans 0.0023
Epoch: [42][40/47]	Inf Time 4.721	Update Time 4.094	Batch Time 8.816	
L_cls 0.3474 L_sem 0.0083 L_trans 0.0024
 * ACC1@ 1.036 ACC2@ 29.254
Epoch: [43][0/47]	Inf Time 4.068	Update Time 4.096	Batch Time 10.893	
L_cls 0.4363 L_sem 0.0082 L_trans 0.0025
Epoch: [43][10/47]	Inf Time 4.734	Update Time 4.103	Batch Time 8.837	
L_cls 0.2940 L_sem 0.0076 L_trans 0.0026
Epoch: [43][20/47]	Inf Time 4.728	Update Time 4.103	Batch Time 8.832	
L_cls 0.4605 L_sem 0.0089 L_trans 0.0024
Epoch: [43][30/47]	Inf Time 4.731	Update Time 4.113	Batch Time 8.845	
L_cls 0.3754 L_sem 0.0081 L_trans 0.0023
Epoch: [43][40/47]	Inf Time 4.733	Update Time 4.108	Batch Time 8.841	
L_cls 0.3775 L_sem 0.0084 L_trans 0.0025
 * ACC1@ 1.208 ACC2@ 29.548
Epoch: [44][0/47]	Inf Time 4.064	Update Time 4.106	Batch Time 10.394	
L_cls 0.3224 L_sem 0.0077 L_trans 0.0024
Epoch: [44][10/47]	Inf Time 4.722	Update Time 4.105	Batch Time 8.828	
L_cls 0.3223 L_sem 0.0080 L_trans 0.0025
Epoch: [44][20/47]	Inf Time 4.733	Update Time 4.098	Batch Time 8.831	
L_cls 0.3699 L_sem 0.0086 L_trans 0.0023
Epoch: [44][30/47]	Inf Time 4.727	Update Time 4.111	Batch Time 8.839	
L_cls 0.2667 L_sem 0.0078 L_trans 0.0022
Epoch: [44][40/47]	Inf Time 4.737	Update Time 4.098	Batch Time 8.836	
L_cls 0.2829 L_sem 0.0082 L_trans 0.0025
 * ACC1@ 1.001 ACC2@ 29.168
Epoch: [45][0/47]	Inf Time 4.069	Update Time 4.100	Batch Time 10.435	
L_cls 0.4143 L_sem 0.0082 L_trans 0.0024
Epoch: [45][10/47]	Inf Time 4.733	Update Time 4.094	Batch Time 8.827	
L_cls 0.2851 L_sem 0.0078 L_trans 0.0025
Epoch: [45][20/47]	Inf Time 4.727	Update Time 4.088	Batch Time 8.815	
L_cls 0.4618 L_sem 0.0086 L_trans 0.0024
Epoch: [45][30/47]	Inf Time 4.739	Update Time 4.106	Batch Time 8.846	
L_cls 0.3342 L_sem 0.0080 L_trans 0.0022
Epoch: [45][40/47]	Inf Time 4.723	Update Time 4.110	Batch Time 8.833	
L_cls 0.3000 L_sem 0.0079 L_trans 0.0022
 * ACC1@ 1.260 ACC2@ 29.392
Epoch: [46][0/47]	Inf Time 4.167	Update Time 4.089	Batch Time 10.918	
L_cls 0.5667 L_sem 0.0088 L_trans 0.0023
Epoch: [46][10/47]	Inf Time 4.716	Update Time 4.097	Batch Time 8.813	
L_cls 0.3939 L_sem 0.0077 L_trans 0.0023
Epoch: [46][20/47]	Inf Time 4.722	Update Time 4.116	Batch Time 8.838	
L_cls 0.4489 L_sem 0.0079 L_trans 0.0022
Epoch: [46][30/47]	Inf Time 4.732	Update Time 4.114	Batch Time 8.847	
L_cls 0.3073 L_sem 0.0080 L_trans 0.0022
Epoch: [46][40/47]	Inf Time 4.726	Update Time 4.094	Batch Time 8.821	
L_cls 0.4578 L_sem 0.0084 L_trans 0.0024
 * ACC1@ 1.243 ACC2@ 29.410
Epoch: [47][0/47]	Inf Time 4.149	Update Time 4.089	Batch Time 10.813	
L_cls 0.3193 L_sem 0.0078 L_trans 0.0024
Epoch: [47][10/47]	Inf Time 4.734	Update Time 4.099	Batch Time 8.833	
L_cls 0.3441 L_sem 0.0078 L_trans 0.0022
Epoch: [47][20/47]	Inf Time 4.728	Update Time 4.094	Batch Time 8.823	
L_cls 0.4811 L_sem 0.0088 L_trans 0.0023
Epoch: [47][30/47]	Inf Time 4.733	Update Time 4.094	Batch Time 8.828	
L_cls 0.4613 L_sem 0.0079 L_trans 0.0022
Epoch: [47][40/47]	Inf Time 4.741	Update Time 4.094	Batch Time 8.836	
L_cls 0.4659 L_sem 0.0080 L_trans 0.0020
 * ACC1@ 1.225 ACC2@ 29.479
Epoch: [48][0/47]	Inf Time 4.138	Update Time 4.101	Batch Time 10.837	
L_cls 0.4538 L_sem 0.0079 L_trans 0.0023
Epoch: [48][10/47]	Inf Time 4.728	Update Time 4.100	Batch Time 8.829	
L_cls 0.3471 L_sem 0.0078 L_trans 0.0023
Epoch: [48][20/47]	Inf Time 4.734	Update Time 4.112	Batch Time 8.847	
L_cls 0.3590 L_sem 0.0074 L_trans 0.0023
Epoch: [48][30/47]	Inf Time 4.732	Update Time 4.108	Batch Time 8.840	
L_cls 0.3482 L_sem 0.0086 L_trans 0.0022
Epoch: [48][40/47]	Inf Time 4.726	Update Time 4.111	Batch Time 8.838	
L_cls 0.2995 L_sem 0.0072 L_trans 0.0020
 * ACC1@ 1.139 ACC2@ 29.427
Epoch: [49][0/47]	Inf Time 4.152	Update Time 4.103	Batch Time 11.127	
L_cls 0.3590 L_sem 0.0083 L_trans 0.0022
Epoch: [49][10/47]	Inf Time 4.723	Update Time 4.109	Batch Time 8.833	
L_cls 0.3285 L_sem 0.0071 L_trans 0.0023
Epoch: [49][20/47]	Inf Time 4.731	Update Time 4.104	Batch Time 8.836	
L_cls 0.4329 L_sem 0.0080 L_trans 0.0022
Epoch: [49][30/47]	Inf Time 4.719	Update Time 4.113	Batch Time 8.833	
L_cls 0.3188 L_sem 0.0079 L_trans 0.0023
Epoch: [49][40/47]	Inf Time 4.728	Update Time 4.125	Batch Time 8.854	
L_cls 0.4395 L_sem 0.0074 L_trans 0.0022
 * ACC1@ 1.174 ACC2@ 29.237
Epoch: [50][0/47]	Inf Time 4.167	Update Time 4.101	Batch Time 10.931	
L_cls 0.2635 L_sem 0.0069 L_trans 0.0020
Epoch: [50][10/47]	Inf Time 4.744	Update Time 4.104	Batch Time 8.849	
L_cls 0.4293 L_sem 0.0077 L_trans 0.0019
Epoch: [50][20/47]	Inf Time 4.730	Update Time 4.090	Batch Time 8.821	
L_cls 0.3074 L_sem 0.0071 L_trans 0.0019
Epoch: [50][30/47]	Inf Time 4.710	Update Time 4.112	Batch Time 8.822	
L_cls 0.4355 L_sem 0.0081 L_trans 0.0021
Epoch: [50][40/47]	Inf Time 4.727	Update Time 4.098	Batch Time 8.826	
L_cls 0.4006 L_sem 0.0080 L_trans 0.0019
 * ACC1@ 1.346 ACC2@ 29.807
saving!!!!
Epoch: [51][0/47]	Inf Time 4.123	Update Time 4.114	Batch Time 11.167	
L_cls 0.4086 L_sem 0.0074 L_trans 0.0022
Epoch: [51][10/47]	Inf Time 4.732	Update Time 4.087	Batch Time 8.819	
L_cls 0.3758 L_sem 0.0073 L_trans 0.0020
Epoch: [51][20/47]	Inf Time 4.736	Update Time 4.111	Batch Time 8.847	
L_cls 0.4212 L_sem 0.0082 L_trans 0.0021
Epoch: [51][30/47]	Inf Time 4.726	Update Time 4.115	Batch Time 8.842	
L_cls 0.3171 L_sem 0.0077 L_trans 0.0021
Epoch: [51][40/47]	Inf Time 4.733	Update Time 4.103	Batch Time 8.837	
L_cls 0.2727 L_sem 0.0076 L_trans 0.0020
 * ACC1@ 1.053 ACC2@ 28.944
Epoch: [52][0/47]	Inf Time 4.162	Update Time 4.112	Batch Time 11.156	
L_cls 0.3455 L_sem 0.0076 L_trans 0.0024
Epoch: [52][10/47]	Inf Time 4.741	Update Time 4.118	Batch Time 8.860	
L_cls 0.2672 L_sem 0.0071 L_trans 0.0020
Epoch: [52][20/47]	Inf Time 4.717	Update Time 4.124	Batch Time 8.842	
L_cls 0.3775 L_sem 0.0079 L_trans 0.0022
Epoch: [52][30/47]	Inf Time 4.725	Update Time 4.122	Batch Time 8.848	
L_cls 0.2180 L_sem 0.0069 L_trans 0.0020
Epoch: [52][40/47]	Inf Time 4.730	Update Time 4.123	Batch Time 8.854	
L_cls 0.3631 L_sem 0.0065 L_trans 0.0021
 * ACC1@ 1.208 ACC2@ 29.444
Epoch: [53][0/47]	Inf Time 4.098	Update Time 4.100	Batch Time 11.122	
L_cls 0.3242 L_sem 0.0073 L_trans 0.0020
Epoch: [53][10/47]	Inf Time 4.727	Update Time 4.103	Batch Time 8.830	
L_cls 0.4830 L_sem 0.0077 L_trans 0.0020
Epoch: [53][20/47]	Inf Time 4.735	Update Time 4.099	Batch Time 8.834	
L_cls 0.2991 L_sem 0.0072 L_trans 0.0020
Epoch: [53][30/47]	Inf Time 4.738	Update Time 4.103	Batch Time 8.841	
L_cls 0.3680 L_sem 0.0073 L_trans 0.0020
Epoch: [53][40/47]	Inf Time 4.736	Update Time 4.092	Batch Time 8.828	
L_cls 0.5049 L_sem 0.0076 L_trans 0.0021
 * ACC1@ 1.174 ACC2@ 29.444
Epoch: [54][0/47]	Inf Time 4.138	Update Time 4.101	Batch Time 10.816	
L_cls 0.4229 L_sem 0.0076 L_trans 0.0020
Epoch: [54][10/47]	Inf Time 4.727	Update Time 4.102	Batch Time 8.829	
L_cls 0.2467 L_sem 0.0064 L_trans 0.0019
Epoch: [54][20/47]	Inf Time 4.727	Update Time 4.108	Batch Time 8.836	
L_cls 0.2978 L_sem 0.0067 L_trans 0.0019
Epoch: [54][30/47]	Inf Time 4.721	Update Time 4.106	Batch Time 8.827	
L_cls 0.4180 L_sem 0.0074 L_trans 0.0023
Epoch: [54][40/47]	Inf Time 4.712	Update Time 4.108	Batch Time 8.820	
L_cls 0.4163 L_sem 0.0070 L_trans 0.0019
 * ACC1@ 1.105 ACC2@ 29.082
Epoch: [55][0/47]	Inf Time 4.139	Update Time 4.109	Batch Time 11.215	
L_cls 0.2180 L_sem 0.0064 L_trans 0.0021
Epoch: [55][10/47]	Inf Time 4.721	Update Time 4.115	Batch Time 8.837	
L_cls 0.3687 L_sem 0.0071 L_trans 0.0020
Epoch: [55][20/47]	Inf Time 4.729	Update Time 4.119	Batch Time 8.849	
L_cls 0.3488 L_sem 0.0076 L_trans 0.0020
Epoch: [55][30/47]	Inf Time 4.737	Update Time 4.103	Batch Time 8.840	
L_cls 0.2554 L_sem 0.0075 L_trans 0.0019
Epoch: [55][40/47]	Inf Time 4.736	Update Time 4.089	Batch Time 8.826	
L_cls 0.2061 L_sem 0.0071 L_trans 0.0020
 * ACC1@ 1.363 ACC2@ 29.099
Epoch: [56][0/47]	Inf Time 4.053	Update Time 4.081	Batch Time 10.514	
L_cls 0.4244 L_sem 0.0067 L_trans 0.0021
Epoch: [56][10/47]	Inf Time 4.740	Update Time 4.091	Batch Time 8.831	
L_cls 0.2561 L_sem 0.0067 L_trans 0.0019
Epoch: [56][20/47]	Inf Time 4.736	Update Time 4.110	Batch Time 8.846	
L_cls 0.4309 L_sem 0.0075 L_trans 0.0019
Epoch: [56][30/47]	Inf Time 4.738	Update Time 4.096	Batch Time 8.834	
L_cls 0.4492 L_sem 0.0070 L_trans 0.0020
Epoch: [56][40/47]	Inf Time 4.736	Update Time 4.103	Batch Time 8.840	
L_cls 0.4274 L_sem 0.0072 L_trans 0.0019
 * ACC1@ 1.415 ACC2@ 29.272
Epoch: [57][0/47]	Inf Time 4.064	Update Time 4.107	Batch Time 10.499	
L_cls 0.3599 L_sem 0.0070 L_trans 0.0020
Epoch: [57][10/47]	Inf Time 4.737	Update Time 4.111	Batch Time 8.849	
L_cls 0.4726 L_sem 0.0067 L_trans 0.0021
Epoch: [57][20/47]	Inf Time 4.733	Update Time 4.096	Batch Time 8.829	
L_cls 0.2446 L_sem 0.0075 L_trans 0.0021
Epoch: [57][30/47]	Inf Time 4.745	Update Time 4.097	Batch Time 8.843	
L_cls 0.4213 L_sem 0.0078 L_trans 0.0019
Epoch: [57][40/47]	Inf Time 4.735	Update Time 4.095	Batch Time 8.830	
L_cls 0.4266 L_sem 0.0079 L_trans 0.0019
 * ACC1@ 1.260 ACC2@ 29.410
Epoch: [58][0/47]	Inf Time 4.055	Update Time 4.106	Batch Time 10.335	
L_cls 0.2787 L_sem 0.0067 L_trans 0.0019
Epoch: [58][10/47]	Inf Time 4.719	Update Time 4.111	Batch Time 8.831	
L_cls 0.3356 L_sem 0.0066 L_trans 0.0019
Epoch: [58][20/47]	Inf Time 4.750	Update Time 4.114	Batch Time 8.864	
L_cls 0.4193 L_sem 0.0072 L_trans 0.0018
Epoch: [58][30/47]	Inf Time 4.733	Update Time 4.101	Batch Time 8.835	
L_cls 0.4846 L_sem 0.0071 L_trans 0.0020
Epoch: [58][40/47]	Inf Time 4.724	Update Time 4.110	Batch Time 8.834	
L_cls 0.3324 L_sem 0.0069 L_trans 0.0019
 * ACC1@ 1.156 ACC2@ 29.824
saving!!!!
Epoch: [59][0/47]	Inf Time 4.158	Update Time 4.104	Batch Time 10.945	
L_cls 0.3158 L_sem 0.0067 L_trans 0.0018
Epoch: [59][10/47]	Inf Time 4.733	Update Time 4.110	Batch Time 8.844	
L_cls 0.5118 L_sem 0.0068 L_trans 0.0020
Epoch: [59][20/47]	Inf Time 4.736	Update Time 4.125	Batch Time 8.862	
L_cls 0.4284 L_sem 0.0066 L_trans 0.0019
Epoch: [59][30/47]	Inf Time 4.750	Update Time 4.092	Batch Time 8.843	
L_cls 0.2380 L_sem 0.0066 L_trans 0.0020
Epoch: [59][40/47]	Inf Time 4.739	Update Time 4.117	Batch Time 8.857	
L_cls 0.4217 L_sem 0.0068 L_trans 0.0020
 * ACC1@ 1.208 ACC2@ 29.669
Epoch: [60][0/47]	Inf Time 4.154	Update Time 4.106	Batch Time 11.016	
L_cls 0.3742 L_sem 0.0063 L_trans 0.0019
Epoch: [60][10/47]	Inf Time 4.754	Update Time 4.103	Batch Time 8.857	
L_cls 0.2753 L_sem 0.0065 L_trans 0.0019
Epoch: [60][20/47]	Inf Time 4.738	Update Time 4.115	Batch Time 8.853	
L_cls 0.2237 L_sem 0.0061 L_trans 0.0019
Epoch: [60][30/47]	Inf Time 4.741	Update Time 4.105	Batch Time 8.846	
L_cls 0.4084 L_sem 0.0069 L_trans 0.0018
Epoch: [60][40/47]	Inf Time 4.749	Update Time 4.105	Batch Time 8.855	
L_cls 0.3475 L_sem 0.0069 L_trans 0.0019
 * ACC1@ 1.294 ACC2@ 29.634
Epoch: [61][0/47]	Inf Time 4.145	Update Time 4.102	Batch Time 10.838	
L_cls 0.3082 L_sem 0.0070 L_trans 0.0019
Epoch: [61][10/47]	Inf Time 4.736	Update Time 4.104	Batch Time 8.841	
L_cls 0.4871 L_sem 0.0075 L_trans 0.0019
Epoch: [61][20/47]	Inf Time 4.746	Update Time 4.110	Batch Time 8.856	
L_cls 0.3644 L_sem 0.0069 L_trans 0.0019
Epoch: [61][30/47]	Inf Time 4.754	Update Time 4.112	Batch Time 8.866	
L_cls 0.3354 L_sem 0.0068 L_trans 0.0019
Epoch: [61][40/47]	Inf Time 4.744	Update Time 4.104	Batch Time 8.848	
L_cls 0.4573 L_sem 0.0066 L_trans 0.0018
 * ACC1@ 1.312 ACC2@ 29.772
Epoch: [62][0/47]	Inf Time 4.121	Update Time 4.099	Batch Time 11.229	
L_cls 0.4439 L_sem 0.0071 L_trans 0.0019
Epoch: [62][10/47]	Inf Time 4.715	Update Time 4.112	Batch Time 8.827	
L_cls 0.2931 L_sem 0.0069 L_trans 0.0019
Epoch: [62][20/47]	Inf Time 4.741	Update Time 4.126	Batch Time 8.868	
L_cls 0.2817 L_sem 0.0059 L_trans 0.0020
Epoch: [62][30/47]	Inf Time 4.735	Update Time 4.111	Batch Time 8.847	
L_cls 0.3330 L_sem 0.0069 L_trans 0.0018
Epoch: [62][40/47]	Inf Time 4.737	Update Time 4.100	Batch Time 8.838	
L_cls 0.4495 L_sem 0.0063 L_trans 0.0019
 * ACC1@ 1.294 ACC2@ 29.651
Epoch: [63][0/47]	Inf Time 4.048	Update Time 4.085	Batch Time 10.424	
L_cls 0.4797 L_sem 0.0072 L_trans 0.0019
Epoch: [63][10/47]	Inf Time 4.726	Update Time 4.091	Batch Time 8.817	
L_cls 0.3835 L_sem 0.0072 L_trans 0.0018
Epoch: [63][20/47]	Inf Time 4.721	Update Time 4.092	Batch Time 8.813	
L_cls 0.4394 L_sem 0.0071 L_trans 0.0019
Epoch: [63][30/47]	Inf Time 4.730	Update Time 4.099	Batch Time 8.829	
L_cls 0.3953 L_sem 0.0066 L_trans 0.0018
Epoch: [63][40/47]	Inf Time 4.732	Update Time 4.098	Batch Time 8.831	
L_cls 0.4273 L_sem 0.0065 L_trans 0.0019
 * ACC1@ 1.277 ACC2@ 29.634
Epoch: [64][0/47]	Inf Time 4.078	Update Time 4.102	Batch Time 10.750	
L_cls 0.3655 L_sem 0.0070 L_trans 0.0018
Epoch: [64][10/47]	Inf Time 4.735	Update Time 4.101	Batch Time 8.836	
L_cls 0.2884 L_sem 0.0069 L_trans 0.0018
Epoch: [64][20/47]	Inf Time 4.719	Update Time 4.106	Batch Time 8.825	
L_cls 0.2746 L_sem 0.0062 L_trans 0.0018
Epoch: [64][30/47]	Inf Time 4.721	Update Time 4.113	Batch Time 8.835	
L_cls 0.2302 L_sem 0.0065 L_trans 0.0018
Epoch: [64][40/47]	Inf Time 4.733	Update Time 4.119	Batch Time 8.853	
L_cls 0.3862 L_sem 0.0065 L_trans 0.0019
 * ACC1@ 1.260 ACC2@ 29.703
Epoch: [65][0/47]	Inf Time 4.046	Update Time 4.110	Batch Time 10.407	
L_cls 0.3392 L_sem 0.0065 L_trans 0.0019
Epoch: [65][10/47]	Inf Time 4.738	Update Time 4.114	Batch Time 8.853	
L_cls 0.3262 L_sem 0.0065 L_trans 0.0018
Epoch: [65][20/47]	Inf Time 4.730	Update Time 4.106	Batch Time 8.837	
L_cls 0.4171 L_sem 0.0072 L_trans 0.0018
Epoch: [65][30/47]	Inf Time 4.729	Update Time 4.101	Batch Time 8.831	
L_cls 0.3624 L_sem 0.0062 L_trans 0.0020
Epoch: [65][40/47]	Inf Time 4.724	Update Time 4.114	Batch Time 8.839	
L_cls 0.3396 L_sem 0.0067 L_trans 0.0018
 * ACC1@ 1.329 ACC2@ 29.858
saving!!!!
Epoch: [66][0/47]	Inf Time 4.165	Update Time 4.103	Batch Time 11.128	
L_cls 0.2972 L_sem 0.0068 L_trans 0.0018
Epoch: [66][10/47]	Inf Time 4.721	Update Time 4.109	Batch Time 8.830	
L_cls 0.2959 L_sem 0.0062 L_trans 0.0019
Epoch: [66][20/47]	Inf Time 4.730	Update Time 4.116	Batch Time 8.847	
L_cls 0.3499 L_sem 0.0067 L_trans 0.0019
Epoch: [66][30/47]	Inf Time 4.731	Update Time 4.105	Batch Time 8.837	
L_cls 0.4247 L_sem 0.0074 L_trans 0.0019
Epoch: [66][40/47]	Inf Time 4.725	Update Time 4.125	Batch Time 8.850	
L_cls 0.4243 L_sem 0.0066 L_trans 0.0019
 * ACC1@ 1.156 ACC2@ 29.841
Epoch: [67][0/47]	Inf Time 4.179	Update Time 4.118	Batch Time 10.919	
L_cls 0.4359 L_sem 0.0071 L_trans 0.0020
Epoch: [67][10/47]	Inf Time 4.746	Update Time 4.091	Batch Time 8.837	
L_cls 0.4174 L_sem 0.0068 L_trans 0.0018
Epoch: [67][20/47]	Inf Time 4.721	Update Time 4.108	Batch Time 8.830	
L_cls 0.4014 L_sem 0.0074 L_trans 0.0019
Epoch: [67][30/47]	Inf Time 4.739	Update Time 4.114	Batch Time 8.853	
L_cls 0.3782 L_sem 0.0072 L_trans 0.0019
Epoch: [67][40/47]	Inf Time 4.731	Update Time 4.125	Batch Time 8.857	
L_cls 0.2327 L_sem 0.0067 L_trans 0.0018
 * ACC1@ 1.208 ACC2@ 29.755
Epoch: [68][0/47]	Inf Time 4.123	Update Time 4.107	Batch Time 11.134	
L_cls 0.3382 L_sem 0.0064 L_trans 0.0019
Epoch: [68][10/47]	Inf Time 4.735	Update Time 4.105	Batch Time 8.840	
L_cls 0.3498 L_sem 0.0067 L_trans 0.0019
Epoch: [68][20/47]	Inf Time 4.744	Update Time 4.117	Batch Time 8.861	
L_cls 0.2314 L_sem 0.0065 L_trans 0.0019
Epoch: [68][30/47]	Inf Time 4.734	Update Time 4.110	Batch Time 8.844	
L_cls 0.2146 L_sem 0.0066 L_trans 0.0018
Epoch: [68][40/47]	Inf Time 4.733	Update Time 4.104	Batch Time 8.838	
L_cls 0.3439 L_sem 0.0070 L_trans 0.0020
 * ACC1@ 1.260 ACC2@ 29.703
Epoch: [69][0/47]	Inf Time 4.056	Update Time 4.109	Batch Time 10.454	
L_cls 0.2569 L_sem 0.0064 L_trans 0.0018
Epoch: [69][10/47]	Inf Time 4.750	Update Time 4.109	Batch Time 8.860	
L_cls 0.3549 L_sem 0.0068 L_trans 0.0018
Epoch: [69][20/47]	Inf Time 4.736	Update Time 4.109	Batch Time 8.846	
L_cls 0.3848 L_sem 0.0069 L_trans 0.0019
Epoch: [69][30/47]	Inf Time 4.734	Update Time 4.123	Batch Time 8.858	
L_cls 0.3601 L_sem 0.0069 L_trans 0.0019
Epoch: [69][40/47]	Inf Time 4.730	Update Time 4.103	Batch Time 8.834	
L_cls 0.3468 L_sem 0.0069 L_trans 0.0018
 * ACC1@ 1.243 ACC2@ 29.634
Epoch: [70][0/47]	Inf Time 4.158	Update Time 4.114	Batch Time 10.905	
L_cls 0.3892 L_sem 0.0067 L_trans 0.0018
Epoch: [70][10/47]	Inf Time 4.742	Update Time 4.106	Batch Time 8.848	
L_cls 0.3438 L_sem 0.0062 L_trans 0.0019
Epoch: [70][20/47]	Inf Time 4.744	Update Time 4.119	Batch Time 8.863	
L_cls 0.4155 L_sem 0.0066 L_trans 0.0020
Epoch: [70][30/47]	Inf Time 4.723	Update Time 4.125	Batch Time 8.849	
L_cls 0.4740 L_sem 0.0066 L_trans 0.0018
Epoch: [70][40/47]	Inf Time 4.726	Update Time 4.119	Batch Time 8.846	
L_cls 0.4794 L_sem 0.0074 L_trans 0.0018
 * ACC1@ 1.277 ACC2@ 29.841
Epoch: [71][0/47]	Inf Time 4.101	Update Time 4.103	Batch Time 10.657	
L_cls 0.3764 L_sem 0.0069 L_trans 0.0019
Epoch: [71][10/47]	Inf Time 4.723	Update Time 4.110	Batch Time 8.834	
L_cls 0.3777 L_sem 0.0063 L_trans 0.0018
Epoch: [71][20/47]	Inf Time 4.733	Update Time 4.111	Batch Time 8.844	
L_cls 0.5671 L_sem 0.0073 L_trans 0.0019
Epoch: [71][30/47]	Inf Time 4.727	Update Time 4.107	Batch Time 8.835	
L_cls 0.3347 L_sem 0.0068 L_trans 0.0019
Epoch: [71][40/47]	Inf Time 4.719	Update Time 4.109	Batch Time 8.829	
L_cls 0.3043 L_sem 0.0070 L_trans 0.0017
 * ACC1@ 1.191 ACC2@ 29.789
Epoch: [72][0/47]	Inf Time 4.146	Update Time 4.097	Batch Time 10.912	
L_cls 0.3996 L_sem 0.0069 L_trans 0.0018
Epoch: [72][10/47]	Inf Time 4.701	Update Time 4.116	Batch Time 8.818	
L_cls 0.3473 L_sem 0.0074 L_trans 0.0020
Epoch: [72][20/47]	Inf Time 4.720	Update Time 4.098	Batch Time 8.818	
L_cls 0.3902 L_sem 0.0070 L_trans 0.0020
Epoch: [72][30/47]	Inf Time 4.729	Update Time 4.086	Batch Time 8.815	
L_cls 0.2901 L_sem 0.0066 L_trans 0.0019
Epoch: [72][40/47]	Inf Time 4.720	Update Time 4.101	Batch Time 8.822	
L_cls 0.2727 L_sem 0.0066 L_trans 0.0018
 * ACC1@ 1.208 ACC2@ 29.789
Epoch: [73][0/47]	Inf Time 4.128	Update Time 4.083	Batch Time 11.042	
L_cls 0.3433 L_sem 0.0068 L_trans 0.0018
Epoch: [73][10/47]	Inf Time 4.721	Update Time 4.096	Batch Time 8.818	
L_cls 0.4015 L_sem 0.0068 L_trans 0.0018
Epoch: [73][20/47]	Inf Time 4.711	Update Time 4.109	Batch Time 8.820	
L_cls 0.3265 L_sem 0.0064 L_trans 0.0018
Epoch: [73][30/47]	Inf Time 4.716	Update Time 4.092	Batch Time 8.809	
L_cls 0.4239 L_sem 0.0067 L_trans 0.0017
Epoch: [73][40/47]	Inf Time 4.704	Update Time 4.094	Batch Time 8.798	
L_cls 0.5124 L_sem 0.0073 L_trans 0.0019
 * ACC1@ 1.243 ACC2@ 29.669
Epoch: [74][0/47]	Inf Time 4.061	Update Time 4.093	Batch Time 10.516	
L_cls 0.3437 L_sem 0.0067 L_trans 0.0017
Epoch: [74][10/47]	Inf Time 4.730	Update Time 4.102	Batch Time 8.833	
L_cls 0.2621 L_sem 0.0061 L_trans 0.0019
Epoch: [74][20/47]	Inf Time 4.728	Update Time 4.089	Batch Time 8.818	
L_cls 0.2681 L_sem 0.0061 L_trans 0.0019
Epoch: [74][30/47]	Inf Time 4.728	Update Time 4.107	Batch Time 8.836	
L_cls 0.3583 L_sem 0.0067 L_trans 0.0019
Epoch: [74][40/47]	Inf Time 4.732	Update Time 4.095	Batch Time 8.829	
L_cls 0.3570 L_sem 0.0068 L_trans 0.0019
 * ACC1@ 1.277 ACC2@ 29.548
Epoch: [75][0/47]	Inf Time 4.150	Update Time 4.096	Batch Time 11.294	
L_cls 0.2706 L_sem 0.0065 L_trans 0.0018
Epoch: [75][10/47]	Inf Time 4.735	Update Time 4.084	Batch Time 8.819	
L_cls 0.3876 L_sem 0.0072 L_trans 0.0019
Epoch: [75][20/47]	Inf Time 4.716	Update Time 4.111	Batch Time 8.827	
L_cls 0.3589 L_sem 0.0072 L_trans 0.0018
Epoch: [75][30/47]	Inf Time 4.732	Update Time 4.107	Batch Time 8.840	
L_cls 0.3707 L_sem 0.0069 L_trans 0.0018
Epoch: [75][40/47]	Inf Time 4.722	Update Time 4.103	Batch Time 8.826	
L_cls 0.2574 L_sem 0.0064 L_trans 0.0019
 * ACC1@ 1.294 ACC2@ 29.669
Epoch: [76][0/47]	Inf Time 4.068	Update Time 4.088	Batch Time 11.084	
L_cls 0.3399 L_sem 0.0069 L_trans 0.0019
Epoch: [76][10/47]	Inf Time 4.731	Update Time 4.101	Batch Time 8.833	
L_cls 0.3419 L_sem 0.0065 L_trans 0.0018
Epoch: [76][20/47]	Inf Time 4.713	Update Time 4.104	Batch Time 8.818	
L_cls 0.3104 L_sem 0.0064 L_trans 0.0017
Epoch: [76][30/47]	Inf Time 4.731	Update Time 4.108	Batch Time 8.839	
L_cls 0.2755 L_sem 0.0066 L_trans 0.0018
Epoch: [76][40/47]	Inf Time 4.715	Update Time 4.100	Batch Time 8.815	
L_cls 0.3912 L_sem 0.0066 L_trans 0.0020
 * ACC1@ 1.294 ACC2@ 29.651
Epoch: [77][0/47]	Inf Time 4.056	Update Time 4.097	Batch Time 10.491	
L_cls 0.2978 L_sem 0.0066 L_trans 0.0018
Epoch: [77][10/47]	Inf Time 4.731	Update Time 4.101	Batch Time 8.832	
L_cls 0.3746 L_sem 0.0069 L_trans 0.0019
Epoch: [77][20/47]	Inf Time 4.723	Update Time 4.096	Batch Time 8.820	
L_cls 0.4575 L_sem 0.0072 L_trans 0.0018
Epoch: [77][30/47]	Inf Time 4.729	Update Time 4.098	Batch Time 8.828	
L_cls 0.3281 L_sem 0.0073 L_trans 0.0017
Epoch: [77][40/47]	Inf Time 4.723	Update Time 4.098	Batch Time 8.821	
L_cls 0.2781 L_sem 0.0067 L_trans 0.0018
 * ACC1@ 1.312 ACC2@ 29.720
Epoch: [78][0/47]	Inf Time 4.140	Update Time 4.095	Batch Time 11.007	
L_cls 0.3709 L_sem 0.0063 L_trans 0.0018
Epoch: [78][10/47]	Inf Time 4.725	Update Time 4.096	Batch Time 8.821	
L_cls 0.3473 L_sem 0.0064 L_trans 0.0017
Epoch: [78][20/47]	Inf Time 4.722	Update Time 4.090	Batch Time 8.813	
L_cls 0.3552 L_sem 0.0067 L_trans 0.0019
Epoch: [78][30/47]	Inf Time 4.720	Update Time 4.103	Batch Time 8.823	
L_cls 0.3253 L_sem 0.0067 L_trans 0.0018
Epoch: [78][40/47]	Inf Time 4.710	Update Time 4.094	Batch Time 8.804	
L_cls 0.2334 L_sem 0.0061 L_trans 0.0017
 * ACC1@ 1.243 ACC2@ 29.617
Epoch: [79][0/47]	Inf Time 4.094	Update Time 4.097	Batch Time 11.253	
L_cls 0.2738 L_sem 0.0067 L_trans 0.0017
Epoch: [79][10/47]	Inf Time 4.725	Update Time 4.088	Batch Time 8.813	
L_cls 0.2802 L_sem 0.0064 L_trans 0.0017
Epoch: [79][20/47]	Inf Time 4.726	Update Time 4.095	Batch Time 8.821	
L_cls 0.3297 L_sem 0.0067 L_trans 0.0018
Epoch: [79][30/47]	Inf Time 4.716	Update Time 4.090	Batch Time 8.807	
L_cls 0.3747 L_sem 0.0067 L_trans 0.0019
Epoch: [79][40/47]	Inf Time 4.729	Update Time 4.100	Batch Time 8.829	
L_cls 0.3104 L_sem 0.0066 L_trans 0.0018
 * ACC1@ 1.260 ACC2@ 29.669
Epoch: [80][0/47]	Inf Time 4.150	Update Time 4.102	Batch Time 11.181	
L_cls 0.2911 L_sem 0.0064 L_trans 0.0019
Epoch: [80][10/47]	Inf Time 4.729	Update Time 4.114	Batch Time 8.844	
L_cls 0.2553 L_sem 0.0067 L_trans 0.0017
Epoch: [80][20/47]	Inf Time 4.708	Update Time 4.103	Batch Time 8.812	
L_cls 0.3046 L_sem 0.0067 L_trans 0.0021
Epoch: [80][30/47]	Inf Time 4.734	Update Time 4.102	Batch Time 8.836	
L_cls 0.3964 L_sem 0.0066 L_trans 0.0019
Epoch: [80][40/47]	Inf Time 4.720	Update Time 4.090	Batch Time 8.810	
L_cls 0.3278 L_sem 0.0072 L_trans 0.0020
 * ACC1@ 1.277 ACC2@ 29.703
Epoch: [81][0/47]	Inf Time 4.169	Update Time 4.092	Batch Time 11.121	
L_cls 0.4399 L_sem 0.0070 L_trans 0.0018
Epoch: [81][10/47]	Inf Time 4.706	Update Time 4.106	Batch Time 8.813	
L_cls 0.2726 L_sem 0.0064 L_trans 0.0017
Epoch: [81][20/47]	Inf Time 4.724	Update Time 4.092	Batch Time 8.816	
L_cls 0.3531 L_sem 0.0071 L_trans 0.0019
Epoch: [81][30/47]	Inf Time 4.728	Update Time 4.099	Batch Time 8.828	
L_cls 0.3173 L_sem 0.0068 L_trans 0.0019
Epoch: [81][40/47]	Inf Time 4.726	Update Time 4.095	Batch Time 8.822	
L_cls 0.3496 L_sem 0.0065 L_trans 0.0017
 * ACC1@ 1.381 ACC2@ 29.582
Epoch: [82][0/47]	Inf Time 4.084	Update Time 4.096	Batch Time 11.120	
L_cls 0.1820 L_sem 0.0062 L_trans 0.0017
Epoch: [82][10/47]	Inf Time 4.732	Update Time 4.109	Batch Time 8.842	
L_cls 0.3102 L_sem 0.0063 L_trans 0.0018
Epoch: [82][20/47]	Inf Time 4.730	Update Time 4.082	Batch Time 8.813	
L_cls 0.3397 L_sem 0.0064 L_trans 0.0019
Epoch: [82][30/47]	Inf Time 4.719	Update Time 4.105	Batch Time 8.825	
L_cls 0.4107 L_sem 0.0069 L_trans 0.0019
Epoch: [82][40/47]	Inf Time 4.734	Update Time 4.094	Batch Time 8.828	
L_cls 0.3841 L_sem 0.0066 L_trans 0.0019
 * ACC1@ 1.294 ACC2@ 29.444
Epoch: [83][0/47]	Inf Time 4.055	Update Time 4.092	Batch Time 10.459	
L_cls 0.2529 L_sem 0.0065 L_trans 0.0018
Epoch: [83][10/47]	Inf Time 4.732	Update Time 4.099	Batch Time 8.831	
L_cls 0.3960 L_sem 0.0072 L_trans 0.0017
Epoch: [83][20/47]	Inf Time 4.719	Update Time 4.109	Batch Time 8.829	
L_cls 0.2981 L_sem 0.0060 L_trans 0.0019
Epoch: [83][30/47]	Inf Time 4.714	Update Time 4.121	Batch Time 8.836	
L_cls 0.4014 L_sem 0.0076 L_trans 0.0019
Epoch: [83][40/47]	Inf Time 4.725	Update Time 4.101	Batch Time 8.827	
L_cls 0.2655 L_sem 0.0067 L_trans 0.0017
 * ACC1@ 1.346 ACC2@ 29.496
Epoch: [84][0/47]	Inf Time 4.056	Update Time 4.094	Batch Time 10.432	
L_cls 0.4511 L_sem 0.0067 L_trans 0.0018
Epoch: [84][10/47]	Inf Time 4.738	Update Time 4.105	Batch Time 8.843	
L_cls 0.3887 L_sem 0.0065 L_trans 0.0018
Epoch: [84][20/47]	Inf Time 4.724	Update Time 4.104	Batch Time 8.828	
L_cls 0.2391 L_sem 0.0062 L_trans 0.0017
Epoch: [84][30/47]	Inf Time 4.727	Update Time 4.114	Batch Time 8.842	
L_cls 0.3400 L_sem 0.0062 L_trans 0.0018
Epoch: [84][40/47]	Inf Time 4.730	Update Time 4.105	Batch Time 8.836	
L_cls 0.3259 L_sem 0.0066 L_trans 0.0018
 * ACC1@ 1.277 ACC2@ 29.634
Epoch: [85][0/47]	Inf Time 4.047	Update Time 4.104	Batch Time 10.317	
L_cls 0.2763 L_sem 0.0067 L_trans 0.0019
Epoch: [85][10/47]	Inf Time 4.729	Update Time 4.092	Batch Time 8.822	
L_cls 0.2797 L_sem 0.0062 L_trans 0.0019
Epoch: [85][20/47]	Inf Time 4.730	Update Time 4.100	Batch Time 8.830	
L_cls 0.3970 L_sem 0.0068 L_trans 0.0016
Epoch: [85][30/47]	Inf Time 4.731	Update Time 4.107	Batch Time 8.839	
L_cls 0.3760 L_sem 0.0067 L_trans 0.0020
Epoch: [85][40/47]	Inf Time 4.741	Update Time 4.108	Batch Time 8.850	
L_cls 0.4141 L_sem 0.0070 L_trans 0.0017
 * ACC1@ 1.312 ACC2@ 29.548
Epoch: [86][0/47]	Inf Time 4.142	Update Time 4.092	Batch Time 11.163	
L_cls 0.3940 L_sem 0.0066 L_trans 0.0018
Epoch: [86][10/47]	Inf Time 4.722	Update Time 4.088	Batch Time 8.811	
L_cls 0.4852 L_sem 0.0069 L_trans 0.0019
Epoch: [86][20/47]	Inf Time 4.731	Update Time 4.098	Batch Time 8.830	
L_cls 0.4123 L_sem 0.0069 L_trans 0.0019
Epoch: [86][30/47]	Inf Time 4.725	Update Time 4.110	Batch Time 8.836	
L_cls 0.3746 L_sem 0.0069 L_trans 0.0018
Epoch: [86][40/47]	Inf Time 4.726	Update Time 4.100	Batch Time 8.827	
L_cls 0.4398 L_sem 0.0076 L_trans 0.0017
 * ACC1@ 1.398 ACC2@ 29.600
Epoch: [87][0/47]	Inf Time 4.155	Update Time 4.089	Batch Time 11.262	
L_cls 0.3087 L_sem 0.0064 L_trans 0.0018
Epoch: [87][10/47]	Inf Time 4.721	Update Time 4.101	Batch Time 8.822	
L_cls 0.4200 L_sem 0.0067 L_trans 0.0019
Epoch: [87][20/47]	Inf Time 4.721	Update Time 4.105	Batch Time 8.827	
L_cls 0.3657 L_sem 0.0066 L_trans 0.0018
Epoch: [87][30/47]	Inf Time 4.730	Update Time 4.099	Batch Time 8.829	
L_cls 0.2678 L_sem 0.0065 L_trans 0.0019
Epoch: [87][40/47]	Inf Time 4.731	Update Time 4.099	Batch Time 8.831	
L_cls 0.3972 L_sem 0.0070 L_trans 0.0018
 * ACC1@ 1.415 ACC2@ 29.565
Epoch: [88][0/47]	Inf Time 4.052	Update Time 4.100	Batch Time 10.553	
L_cls 0.4328 L_sem 0.0067 L_trans 0.0018
Epoch: [88][10/47]	Inf Time 4.725	Update Time 4.115	Batch Time 8.841	
L_cls 0.3432 L_sem 0.0068 L_trans 0.0017
Epoch: [88][20/47]	Inf Time 4.723	Update Time 4.109	Batch Time 8.832	
L_cls 0.3975 L_sem 0.0063 L_trans 0.0018
Epoch: [88][30/47]	Inf Time 4.723	Update Time 4.110	Batch Time 8.833	
L_cls 0.3998 L_sem 0.0064 L_trans 0.0018
Epoch: [88][40/47]	Inf Time 4.723	Update Time 4.113	Batch Time 8.837	
L_cls 0.4095 L_sem 0.0067 L_trans 0.0019
 * ACC1@ 1.363 ACC2@ 29.617
Epoch: [89][0/47]	Inf Time 4.052	Update Time 4.090	Batch Time 10.435	
L_cls 0.4805 L_sem 0.0069 L_trans 0.0019
Epoch: [89][10/47]	Inf Time 4.738	Update Time 4.107	Batch Time 8.845	
L_cls 0.2662 L_sem 0.0062 L_trans 0.0018
Epoch: [89][20/47]	Inf Time 4.727	Update Time 4.097	Batch Time 8.825	
L_cls 0.4051 L_sem 0.0070 L_trans 0.0019
Epoch: [89][30/47]	Inf Time 4.729	Update Time 4.086	Batch Time 8.816	
L_cls 0.2994 L_sem 0.0061 L_trans 0.0019
Epoch: [89][40/47]	Inf Time 4.730	Update Time 4.103	Batch Time 8.834	
L_cls 0.3998 L_sem 0.0066 L_trans 0.0017
 * ACC1@ 1.363 ACC2@ 29.582
