Thu Oct 31 15:37:01 2019       
+-----------------------------------------------------------------------------+
| NVIDIA-SMI 396.44                 Driver Version: 396.44                    |
|-------------------------------+----------------------+----------------------+
| GPU  Name        Persistence-M| Bus-Id        Disp.A | Volatile Uncorr. ECC |
| Fan  Temp  Perf  Pwr:Usage/Cap|         Memory-Usage | GPU-Util  Compute M. |
|===============================+======================+======================|
|   0  Tesla K80           Off  | 00000000:04:00.0 Off |                    0 |
| N/A   56C    P8    30W / 149W |     11MiB / 11441MiB |      0%      Default |
+-------------------------------+----------------------+----------------------+
|   1  Tesla K80           Off  | 00000000:05:00.0 Off |                    0 |
| N/A   62C    P0    75W / 149W |   9590MiB / 11441MiB |      0%      Default |
+-------------------------------+----------------------+----------------------+
|   2  Tesla K80           Off  | 00000000:08:00.0 Off |                    0 |
| N/A   61C    P0    70W / 149W |     11MiB / 11441MiB |      0%      Default |
+-------------------------------+----------------------+----------------------+
|   3  Tesla K80           Off  | 00000000:09:00.0 Off |                    0 |
| N/A   35C    P8    31W / 149W |     11MiB / 11441MiB |      0%      Default |
+-------------------------------+----------------------+----------------------+
|   4  Tesla K80           Off  | 00000000:84:00.0 Off |                    0 |
| N/A   49C    P0    75W / 149W |   2128MiB / 11441MiB |     11%      Default |
+-------------------------------+----------------------+----------------------+
|   5  Tesla K80           Off  | 00000000:85:00.0 Off |                    0 |
| N/A   30C    P8    30W / 149W |     11MiB / 11441MiB |      0%      Default |
+-------------------------------+----------------------+----------------------+
|   6  Tesla K80           Off  | 00000000:88:00.0 Off |                    0 |
| N/A   45C    P8    30W / 149W |     11MiB / 11441MiB |      0%      Default |
+-------------------------------+----------------------+----------------------+
|   7  Tesla K80           Off  | 00000000:89:00.0 Off |                    0 |
| N/A   56C    P0    89W / 149W |  10421MiB / 11441MiB |      0%      Default |
+-------------------------------+----------------------+----------------------+
                                                                               
+-----------------------------------------------------------------------------+
| Processes:                                                       GPU Memory |
|  GPU       PID   Type   Process name                             Usage      |
|=============================================================================|
|    1     30819      C   python3                                     9575MiB |
|    4      5646      C   python                                      2117MiB |
|    7      5646      C   python                                      1663MiB |
|    7     30819      C   python3                                     8742MiB |
+-----------------------------------------------------------------------------+
run.sh: line 16: 19212 Terminated              python main_dgtl.py -a ${MODEL} -d ${DATA} -s ${SAVE_PATH} --backbone ${BACKBONE} -b 16 --lr 0.0001 --epochs 90 --resume ${SAVE_PATH}/fix.model &> ${SAVE_PATH}/ft.log
Thu Oct 31 16:25:26 2019       
+-----------------------------------------------------------------------------+
| NVIDIA-SMI 396.44                 Driver Version: 396.44                    |
|-------------------------------+----------------------+----------------------+
| GPU  Name        Persistence-M| Bus-Id        Disp.A | Volatile Uncorr. ECC |
| Fan  Temp  Perf  Pwr:Usage/Cap|         Memory-Usage | GPU-Util  Compute M. |
|===============================+======================+======================|
|   0  Tesla K80           Off  | 00000000:04:00.0 Off |                    0 |
| N/A   56C    P8    30W / 149W |     11MiB / 11441MiB |      0%      Default |
+-------------------------------+----------------------+----------------------+
|   1  Tesla K80           Off  | 00000000:05:00.0 Off |                    0 |
| N/A   64C    P0    90W / 149W |   9590MiB / 11441MiB |    100%      Default |
+-------------------------------+----------------------+----------------------+
|   2  Tesla K80           Off  | 00000000:08:00.0 Off |                    0 |
| N/A   58C    P0    69W / 149W |     11MiB / 11441MiB |      0%      Default |
+-------------------------------+----------------------+----------------------+
|   3  Tesla K80           Off  | 00000000:09:00.0 Off |                    0 |
| N/A   32C    P8    31W / 149W |     11MiB / 11441MiB |      0%      Default |
+-------------------------------+----------------------+----------------------+
|   4  Tesla K80           Off  | 00000000:84:00.0 Off |                    0 |
| N/A   49C    P0    85W / 149W |   2128MiB / 11441MiB |      0%      Default |
+-------------------------------+----------------------+----------------------+
|   5  Tesla K80           Off  | 00000000:85:00.0 Off |                    0 |
| N/A   30C    P8    30W / 149W |     11MiB / 11441MiB |      0%      Default |
+-------------------------------+----------------------+----------------------+
|   6  Tesla K80           Off  | 00000000:88:00.0 Off |                    0 |
| N/A   72C    P0   132W / 149W |   7644MiB / 11441MiB |     90%      Default |
+-------------------------------+----------------------+----------------------+
|   7  Tesla K80           Off  | 00000000:89:00.0 Off |                    0 |
| N/A   57C    P0   145W / 149W |  10421MiB / 11441MiB |     95%      Default |
+-------------------------------+----------------------+----------------------+
                                                                               
+-----------------------------------------------------------------------------+
| Processes:                                                       GPU Memory |
|  GPU       PID   Type   Process name                             Usage      |
|=============================================================================|
|    1     30819      C   python3                                     9575MiB |
|    4      5646      C   python                                      2117MiB |
|    6     16878      C   /root/anaconda3/bin/python3                 7633MiB |
|    7      5646      C   python                                      1663MiB |
|    7     30819      C   python3                                     8742MiB |
+-----------------------------------------------------------------------------+
