Fri Oct 18 23:45:50 2019       
+-----------------------------------------------------------------------------+
| NVIDIA-SMI 396.44                 Driver Version: 396.44                    |
|-------------------------------+----------------------+----------------------+
| GPU  Name        Persistence-M| Bus-Id        Disp.A | Volatile Uncorr. ECC |
| Fan  Temp  Perf  Pwr:Usage/Cap|         Memory-Usage | GPU-Util  Compute M. |
|===============================+======================+======================|
|   0  Tesla K80           Off  | 00000000:04:00.0 Off |                    0 |
| N/A   38C    P8    26W / 149W |     11MiB / 11441MiB |      0%      Default |
+-------------------------------+----------------------+----------------------+
|   1  Tesla K80           Off  | 00000000:05:00.0 Off |                    0 |
| N/A   33C    P8    30W / 149W |     11MiB / 11441MiB |      0%      Default |
+-------------------------------+----------------------+----------------------+
|   2  Tesla K80           Off  | 00000000:08:00.0 Off |                    0 |
| N/A   34C    P8    26W / 149W |     11MiB / 11441MiB |      0%      Default |
+-------------------------------+----------------------+----------------------+
|   3  Tesla K80           Off  | 00000000:09:00.0 Off |                    0 |
| N/A   31C    P8    30W / 149W |     11MiB / 11441MiB |      0%      Default |
+-------------------------------+----------------------+----------------------+
|   4  Tesla K80           Off  | 00000000:84:00.0 Off |                    0 |
| N/A   58C    P0   154W / 149W |   3363MiB / 11441MiB |    100%      Default |
+-------------------------------+----------------------+----------------------+
|   5  Tesla K80           Off  | 00000000:85:00.0 Off |                    0 |
| N/A   41C    P0    83W / 149W |  10791MiB / 11441MiB |    100%      Default |
+-------------------------------+----------------------+----------------------+
|   6  Tesla K80           Off  | 00000000:88:00.0 Off |                    0 |
| N/A   68C    P0   139W / 149W |  10722MiB / 11441MiB |    100%      Default |
+-------------------------------+----------------------+----------------------+
|   7  Tesla K80           Off  | 00000000:89:00.0 Off |                    0 |
| N/A   51C    P0   163W / 149W |   2799MiB / 11441MiB |    100%      Default |
+-------------------------------+----------------------+----------------------+
                                                                               
+-----------------------------------------------------------------------------+
| Processes:                                                       GPU Memory |
|  GPU       PID   Type   Process name                             Usage      |
|=============================================================================|
|    4     29931      C   python2                                     3350MiB |
|    5     18380      C   /root/anaconda2/envs/mask/bin/python       10778MiB |
|    6     30361      C   python                                     10707MiB |
|    7     29931      C   python2                                     2786MiB |
+-----------------------------------------------------------------------------+
